<?xml version="1.0" encoding="UTF-8"?>
<testsuite name="me.soomin.zuulservice.ZuulServiceApplicationTests" tests="1" skipped="0" failures="0" errors="0" timestamp="2020-12-14T02:53:39" hostname="DESKTOP-ON3LTBO" time="0.17">
  <properties/>
  <testcase name="contextLoads()" classname="me.soomin.zuulservice.ZuulServiceApplicationTests" time="0.17"/>
  <system-out><![CDATA[11:53:34.910 [Test worker] DEBUG org.springframework.test.context.BootstrapUtils - Instantiating CacheAwareContextLoaderDelegate from class [org.springframework.test.context.cache.DefaultCacheAwareContextLoaderDelegate]
11:53:34.923 [Test worker] DEBUG org.springframework.test.context.BootstrapUtils - Instantiating BootstrapContext using constructor [public org.springframework.test.context.support.DefaultBootstrapContext(java.lang.Class,org.springframework.test.context.CacheAwareContextLoaderDelegate)]
11:53:34.950 [Test worker] DEBUG org.springframework.test.context.BootstrapUtils - Instantiating TestContextBootstrapper for test class [me.soomin.zuulservice.ZuulServiceApplicationTests] from class [org.springframework.boot.test.context.SpringBootTestContextBootstrapper]
11:53:34.966 [Test worker] INFO org.springframework.boot.test.context.SpringBootTestContextBootstrapper - Neither @ContextConfiguration nor @ContextHierarchy found for test class [me.soomin.zuulservice.ZuulServiceApplicationTests], using SpringBootContextLoader
11:53:34.970 [Test worker] DEBUG org.springframework.test.context.support.AbstractContextLoader - Did not detect default resource location for test class [me.soomin.zuulservice.ZuulServiceApplicationTests]: class path resource [me/soomin/zuulservice/ZuulServiceApplicationTests-context.xml] does not exist
11:53:34.970 [Test worker] DEBUG org.springframework.test.context.support.AbstractContextLoader - Did not detect default resource location for test class [me.soomin.zuulservice.ZuulServiceApplicationTests]: class path resource [me/soomin/zuulservice/ZuulServiceApplicationTestsContext.groovy] does not exist
11:53:34.970 [Test worker] INFO org.springframework.test.context.support.AbstractContextLoader - Could not detect default resource locations for test class [me.soomin.zuulservice.ZuulServiceApplicationTests]: no resource found for suffixes {-context.xml, Context.groovy}.
11:53:34.971 [Test worker] INFO org.springframework.test.context.support.AnnotationConfigContextLoaderUtils - Could not detect default configuration classes for test class [me.soomin.zuulservice.ZuulServiceApplicationTests]: ZuulServiceApplicationTests does not declare any static, non-private, non-final, nested classes annotated with @Configuration.
11:53:35.014 [Test worker] DEBUG org.springframework.test.context.support.ActiveProfilesUtils - Could not find an 'annotation declaring class' for annotation type [org.springframework.test.context.ActiveProfiles] and class [me.soomin.zuulservice.ZuulServiceApplicationTests]
11:53:35.077 [Test worker] DEBUG org.springframework.context.annotation.ClassPathScanningCandidateComponentProvider - Identified candidate component class: file [C:\Users\byulsoft\Documents\GitHub\spring-cloud-slueth\zuul-service\build\classes\java\main\me\soomin\zuulservice\ZuulServiceApplication.class]
11:53:35.080 [Test worker] INFO org.springframework.boot.test.context.SpringBootTestContextBootstrapper - Found @SpringBootConfiguration me.soomin.zuulservice.ZuulServiceApplication for test class me.soomin.zuulservice.ZuulServiceApplicationTests
11:53:35.212 [Test worker] DEBUG org.springframework.boot.test.context.SpringBootTestContextBootstrapper - @TestExecutionListeners is not present for class [me.soomin.zuulservice.ZuulServiceApplicationTests]: using defaults.
11:53:35.213 [Test worker] INFO org.springframework.boot.test.context.SpringBootTestContextBootstrapper - Loaded default TestExecutionListener class names from location [META-INF/spring.factories]: [org.springframework.boot.test.autoconfigure.restdocs.RestDocsTestExecutionListener, org.springframework.boot.test.autoconfigure.web.client.MockRestServiceServerResetTestExecutionListener, org.springframework.boot.test.autoconfigure.web.servlet.MockMvcPrintOnlyOnFailureTestExecutionListener, org.springframework.boot.test.autoconfigure.web.servlet.WebDriverTestExecutionListener, org.springframework.boot.test.autoconfigure.webservices.client.MockWebServiceServerTestExecutionListener, org.springframework.boot.test.mock.mockito.MockitoTestExecutionListener, org.springframework.boot.test.mock.mockito.ResetMocksTestExecutionListener, org.springframework.test.context.web.ServletTestExecutionListener, org.springframework.test.context.support.DirtiesContextBeforeModesTestExecutionListener, org.springframework.test.context.support.DependencyInjectionTestExecutionListener, org.springframework.test.context.support.DirtiesContextTestExecutionListener, org.springframework.test.context.transaction.TransactionalTestExecutionListener, org.springframework.test.context.jdbc.SqlScriptsTestExecutionListener, org.springframework.test.context.event.EventPublishingTestExecutionListener]
11:53:35.224 [Test worker] DEBUG org.springframework.boot.test.context.SpringBootTestContextBootstrapper - Skipping candidate TestExecutionListener [org.springframework.test.context.transaction.TransactionalTestExecutionListener] due to a missing dependency. Specify custom listener classes or make the default listener classes and their required dependencies available. Offending class: [org/springframework/transaction/interceptor/TransactionAttributeSource]
11:53:35.225 [Test worker] DEBUG org.springframework.boot.test.context.SpringBootTestContextBootstrapper - Skipping candidate TestExecutionListener [org.springframework.test.context.jdbc.SqlScriptsTestExecutionListener] due to a missing dependency. Specify custom listener classes or make the default listener classes and their required dependencies available. Offending class: [org/springframework/transaction/interceptor/TransactionAttribute]
11:53:35.225 [Test worker] INFO org.springframework.boot.test.context.SpringBootTestContextBootstrapper - Using TestExecutionListeners: [org.springframework.test.context.web.ServletTestExecutionListener@689722fb, org.springframework.test.context.support.DirtiesContextBeforeModesTestExecutionListener@19826105, org.springframework.boot.test.mock.mockito.MockitoTestExecutionListener@68b3e1b5, org.springframework.boot.test.autoconfigure.SpringBootDependencyInjectionTestExecutionListener@53ebefa5, org.springframework.test.context.support.DirtiesContextTestExecutionListener@2ba9fd9, org.springframework.test.context.event.EventPublishingTestExecutionListener@8ba4cc2, org.springframework.boot.test.autoconfigure.restdocs.RestDocsTestExecutionListener@7ff3ba29, org.springframework.boot.test.autoconfigure.web.client.MockRestServiceServerResetTestExecutionListener@7369f4b5, org.springframework.boot.test.autoconfigure.web.servlet.MockMvcPrintOnlyOnFailureTestExecutionListener@257bf956, org.springframework.boot.test.autoconfigure.web.servlet.WebDriverTestExecutionListener@7f7d6d67, org.springframework.boot.test.autoconfigure.webservices.client.MockWebServiceServerTestExecutionListener@1d3db253, org.springframework.boot.test.mock.mockito.ResetMocksTestExecutionListener@214d211d]
11:53:35.229 [Test worker] DEBUG org.springframework.test.context.support.AbstractDirtiesContextTestExecutionListener - Before test class: context [DefaultTestContext@6c8b8628 testClass = ZuulServiceApplicationTests, testInstance = [null], testMethod = [null], testException = [null], mergedContextConfiguration = [WebMergedContextConfiguration@290da580 testClass = ZuulServiceApplicationTests, locations = '{}', classes = '{class me.soomin.zuulservice.ZuulServiceApplication}', contextInitializerClasses = '[]', activeProfiles = '{}', propertySourceLocations = '{}', propertySourceProperties = '{eureka.client.enabled=false, org.springframework.boot.test.context.SpringBootTestContextBootstrapper=true}', contextCustomizers = set[org.springframework.boot.test.autoconfigure.properties.PropertyMappingContextCustomizer@0, org.springframework.boot.test.autoconfigure.web.servlet.WebDriverContextCustomizerFactory$Customizer@3fa9ed9b, org.springframework.boot.test.context.filter.ExcludeFilterContextCustomizer@7e2a20f6, org.springframework.boot.test.json.DuplicateJsonObjectContextCustomizerFactory$DuplicateJsonObjectContextCustomizer@bba3e8, org.springframework.boot.test.mock.mockito.MockitoContextCustomizer@0, org.springframework.boot.test.web.client.TestRestTemplateContextCustomizer@141dae89, org.springframework.boot.test.context.SpringBootTestArgs@1, org.springframework.boot.test.context.SpringBootTestWebEnvironment@14836cb3], resourceBasePath = 'src/main/webapp', contextLoader = 'org.springframework.boot.test.context.SpringBootContextLoader', parent = [null]], attributes = map['org.springframework.test.context.web.ServletTestExecutionListener.activateListener' -> true]], class annotated with @DirtiesContext [false] with mode [null].
11:53:35.259 [Test worker] DEBUG org.springframework.test.context.support.TestPropertySourceUtils - Adding inlined properties to environment: {spring.jmx.enabled=false, eureka.client.enabled=false, org.springframework.boot.test.context.SpringBootTestContextBootstrapper=true}

  .   ____          _            __ _ _
 /\\ / ___'_ __ _ _(_)_ __  __ _ \ \ \ \
( ( )\___ | '_ | '_| | '_ \/ _` | \ \ \ \
 \\/  ___)| |_)| | | | | || (_| |  ) ) ) )
  '  |____| .__|_| |_|_| |_\__, | / / / /
 =========|_|==============|___/=/_/_/_/
 :: Spring Boot ::        (v2.3.7.RELEASE)

2020-12-14 11:53:36.612  INFO 1156 --- [    Test worker] m.s.z.ZuulServiceApplicationTests        : No active profile set, falling back to default profiles: default
2020-12-14 11:53:37.447  INFO 1156 --- [    Test worker] o.s.cloud.context.scope.GenericScope     : BeanFactory id=fb1381fe-871b-350f-b6c3-02fc1d470259
2020-12-14 11:53:37.816  WARN 1156 --- [    Test worker] o.s.c.n.a.ArchaiusAutoConfiguration      : No spring.application.name found, defaulting to 'application'
2020-12-14 11:53:37.822  WARN 1156 --- [    Test worker] c.n.c.sources.URLConfigurationSource     : No URLs will be polled as dynamic configuration sources.
2020-12-14 11:53:37.822  INFO 1156 --- [    Test worker] c.n.c.sources.URLConfigurationSource     : To enable URLs as dynamic configuration sources, define System property archaius.configurationSource.additionalUrls or make config.properties available on classpath.
2020-12-14 11:53:37.831  WARN 1156 --- [    Test worker] c.n.c.sources.URLConfigurationSource     : No URLs will be polled as dynamic configuration sources.
2020-12-14 11:53:37.831  INFO 1156 --- [    Test worker] c.n.c.sources.URLConfigurationSource     : To enable URLs as dynamic configuration sources, define System property archaius.configurationSource.additionalUrls or make config.properties available on classpath.
2020-12-14 11:53:38.354  INFO 1156 --- [    Test worker] o.s.s.concurrent.ThreadPoolTaskExecutor  : Initializing ExecutorService 'applicationTaskExecutor'
2020-12-14 11:53:39.247  INFO 1156 --- [    Test worker] DiscoveryClientOptionalArgsConfiguration : Eureka HTTP Client uses Jersey
2020-12-14 11:53:39.314  WARN 1156 --- [    Test worker] ockingLoadBalancerClientRibbonWarnLogger : You already have RibbonLoadBalancerClient on your classpath. It will be used by default. As Spring Cloud Ribbon is in maintenance mode. We recommend switching to BlockingLoadBalancerClient instead. In order to use it, set the value of `spring.cloud.loadbalancer.ribbon.enabled` to `false` or remove spring-cloud-starter-netflix-ribbon from your project.
2020-12-14 11:53:39.391  INFO 1156 --- [    Test worker] o.s.b.a.e.web.EndpointLinksResolver      : Exposing 2 endpoint(s) beneath base path '/actuator'
2020-12-14 11:53:39.444  INFO 1156 --- [    Test worker] m.s.z.ZuulServiceApplicationTests        : Started ZuulServiceApplicationTests in 4.176 seconds (JVM running for 5.385)
]]></system-out>
  <system-err><![CDATA[]]></system-err>
</testsuite>
