<?xml version="1.0" encoding="UTF-8"?>
<testsuite name="me.soomin.eurekaclient.controller.AccountApiImplTest" tests="1" skipped="0" failures="0" errors="0" timestamp="2020-12-14T04:56:00" hostname="DESKTOP-ON3LTBO" time="0.421">
  <properties/>
  <testcase name="test()" classname="me.soomin.eurekaclient.controller.AccountApiImplTest" time="0.421"/>
  <system-out><![CDATA[13:55:53.984 [Test worker] DEBUG org.springframework.test.context.BootstrapUtils - Instantiating CacheAwareContextLoaderDelegate from class [org.springframework.test.context.cache.DefaultCacheAwareContextLoaderDelegate]
13:55:53.999 [Test worker] DEBUG org.springframework.test.context.BootstrapUtils - Instantiating BootstrapContext using constructor [public org.springframework.test.context.support.DefaultBootstrapContext(java.lang.Class,org.springframework.test.context.CacheAwareContextLoaderDelegate)]
13:55:54.030 [Test worker] DEBUG org.springframework.test.context.BootstrapUtils - Instantiating TestContextBootstrapper for test class [me.soomin.eurekaclient.controller.AccountApiImplTest] from class [org.springframework.boot.test.context.SpringBootTestContextBootstrapper]
13:55:54.044 [Test worker] INFO org.springframework.boot.test.context.SpringBootTestContextBootstrapper - Neither @ContextConfiguration nor @ContextHierarchy found for test class [me.soomin.eurekaclient.controller.AccountApiImplTest], using SpringBootContextLoader
13:55:54.047 [Test worker] DEBUG org.springframework.test.context.support.AbstractContextLoader - Did not detect default resource location for test class [me.soomin.eurekaclient.controller.AccountApiImplTest]: class path resource [me/soomin/eurekaclient/controller/AccountApiImplTest-context.xml] does not exist
13:55:54.048 [Test worker] DEBUG org.springframework.test.context.support.AbstractContextLoader - Did not detect default resource location for test class [me.soomin.eurekaclient.controller.AccountApiImplTest]: class path resource [me/soomin/eurekaclient/controller/AccountApiImplTestContext.groovy] does not exist
13:55:54.048 [Test worker] INFO org.springframework.test.context.support.AbstractContextLoader - Could not detect default resource locations for test class [me.soomin.eurekaclient.controller.AccountApiImplTest]: no resource found for suffixes {-context.xml, Context.groovy}.
13:55:54.049 [Test worker] INFO org.springframework.test.context.support.AnnotationConfigContextLoaderUtils - Could not detect default configuration classes for test class [me.soomin.eurekaclient.controller.AccountApiImplTest]: AccountApiImplTest does not declare any static, non-private, non-final, nested classes annotated with @Configuration.
13:55:54.096 [Test worker] DEBUG org.springframework.test.context.support.ActiveProfilesUtils - Could not find an 'annotation declaring class' for annotation type [org.springframework.test.context.ActiveProfiles] and class [me.soomin.eurekaclient.controller.AccountApiImplTest]
13:55:54.176 [Test worker] DEBUG org.springframework.context.annotation.ClassPathScanningCandidateComponentProvider - Identified candidate component class: file [C:\Users\byulsoft\Documents\GitHub\spring-cloud-slueth\eureka-client\build\classes\java\main\me\soomin\eurekaclient\EurekaClientApplication.class]
13:55:54.178 [Test worker] INFO org.springframework.boot.test.context.SpringBootTestContextBootstrapper - Found @SpringBootConfiguration me.soomin.eurekaclient.EurekaClientApplication for test class me.soomin.eurekaclient.controller.AccountApiImplTest
13:55:54.307 [Test worker] DEBUG org.springframework.boot.test.context.SpringBootTestContextBootstrapper - @TestExecutionListeners is not present for class [me.soomin.eurekaclient.controller.AccountApiImplTest]: using defaults.
13:55:54.307 [Test worker] INFO org.springframework.boot.test.context.SpringBootTestContextBootstrapper - Loaded default TestExecutionListener class names from location [META-INF/spring.factories]: [org.springframework.boot.test.autoconfigure.restdocs.RestDocsTestExecutionListener, org.springframework.boot.test.autoconfigure.web.client.MockRestServiceServerResetTestExecutionListener, org.springframework.boot.test.autoconfigure.web.servlet.MockMvcPrintOnlyOnFailureTestExecutionListener, org.springframework.boot.test.autoconfigure.web.servlet.WebDriverTestExecutionListener, org.springframework.boot.test.autoconfigure.webservices.client.MockWebServiceServerTestExecutionListener, org.springframework.boot.test.mock.mockito.MockitoTestExecutionListener, org.springframework.boot.test.mock.mockito.ResetMocksTestExecutionListener, org.springframework.test.context.web.ServletTestExecutionListener, org.springframework.test.context.support.DirtiesContextBeforeModesTestExecutionListener, org.springframework.test.context.support.DependencyInjectionTestExecutionListener, org.springframework.test.context.support.DirtiesContextTestExecutionListener, org.springframework.test.context.transaction.TransactionalTestExecutionListener, org.springframework.test.context.jdbc.SqlScriptsTestExecutionListener, org.springframework.test.context.event.EventPublishingTestExecutionListener]
13:55:54.323 [Test worker] INFO org.springframework.boot.test.context.SpringBootTestContextBootstrapper - Using TestExecutionListeners: [org.springframework.test.context.web.ServletTestExecutionListener@7c3bda45, org.springframework.test.context.support.DirtiesContextBeforeModesTestExecutionListener@5be4650a, org.springframework.boot.test.mock.mockito.MockitoTestExecutionListener@74709220, org.springframework.boot.test.autoconfigure.SpringBootDependencyInjectionTestExecutionListener@294bc097, org.springframework.test.context.support.DirtiesContextTestExecutionListener@b80de09, org.springframework.test.context.transaction.TransactionalTestExecutionListener@73b42646, org.springframework.test.context.jdbc.SqlScriptsTestExecutionListener@3254b82, org.springframework.test.context.event.EventPublishingTestExecutionListener@741d6c09, org.springframework.boot.test.autoconfigure.restdocs.RestDocsTestExecutionListener@79609415, org.springframework.boot.test.autoconfigure.web.client.MockRestServiceServerResetTestExecutionListener@2bb41b69, org.springframework.boot.test.autoconfigure.web.servlet.MockMvcPrintOnlyOnFailureTestExecutionListener@2642cc6, org.springframework.boot.test.autoconfigure.web.servlet.WebDriverTestExecutionListener@1d0675a7, org.springframework.boot.test.autoconfigure.webservices.client.MockWebServiceServerTestExecutionListener@603b8a2e, org.springframework.boot.test.mock.mockito.ResetMocksTestExecutionListener@6b5faa13]
13:55:54.328 [Test worker] DEBUG org.springframework.test.context.support.AbstractDirtiesContextTestExecutionListener - Before test class: context [DefaultTestContext@62f57686 testClass = AccountApiImplTest, testInstance = [null], testMethod = [null], testException = [null], mergedContextConfiguration = [WebMergedContextConfiguration@69d8766c testClass = AccountApiImplTest, locations = '{}', classes = '{class me.soomin.eurekaclient.EurekaClientApplication}', contextInitializerClasses = '[]', activeProfiles = '{}', propertySourceLocations = '{}', propertySourceProperties = '{eureka.client.enabled=false, org.springframework.boot.test.context.SpringBootTestContextBootstrapper=true}', contextCustomizers = set[org.springframework.boot.test.autoconfigure.properties.PropertyMappingContextCustomizer@4b3fa0b3, org.springframework.boot.test.autoconfigure.web.servlet.WebDriverContextCustomizerFactory$Customizer@4a3c87a5, [ImportsContextCustomizer@234c5aba key = [org.springframework.boot.test.autoconfigure.web.servlet.MockMvcAutoConfiguration, org.springframework.boot.test.autoconfigure.web.servlet.MockMvcWebClientAutoConfiguration, org.springframework.boot.test.autoconfigure.web.servlet.MockMvcWebDriverAutoConfiguration, org.springframework.boot.autoconfigure.security.oauth2.client.servlet.OAuth2ClientAutoConfiguration, org.springframework.boot.autoconfigure.security.oauth2.resource.servlet.OAuth2ResourceServerAutoConfiguration, org.springframework.boot.autoconfigure.security.servlet.SecurityAutoConfiguration, org.springframework.boot.autoconfigure.security.servlet.SecurityFilterAutoConfiguration, org.springframework.boot.autoconfigure.security.servlet.UserDetailsServiceAutoConfiguration, org.springframework.boot.test.autoconfigure.web.servlet.MockMvcSecurityConfiguration]], org.springframework.boot.test.context.filter.ExcludeFilterContextCustomizer@28d5e9ee, org.springframework.boot.test.json.DuplicateJsonObjectContextCustomizerFactory$DuplicateJsonObjectContextCustomizer@4e1fdd52, org.springframework.boot.test.mock.mockito.MockitoContextCustomizer@0, org.springframework.boot.test.web.client.TestRestTemplateContextCustomizer@4f78f7b0, org.springframework.boot.test.context.SpringBootTestArgs@1, org.springframework.boot.test.context.SpringBootTestWebEnvironment@3be11017], resourceBasePath = 'src/main/webapp', contextLoader = 'org.springframework.boot.test.context.SpringBootContextLoader', parent = [null]], attributes = map['org.springframework.test.context.web.ServletTestExecutionListener.activateListener' -> true]], class annotated with @DirtiesContext [false] with mode [null].
13:55:54.359 [Test worker] DEBUG org.springframework.test.context.support.TestPropertySourceUtils - Adding inlined properties to environment: {spring.jmx.enabled=false, eureka.client.enabled=false, org.springframework.boot.test.context.SpringBootTestContextBootstrapper=true}

  .   ____          _            __ _ _
 /\\ / ___'_ __ _ _(_)_ __  __ _ \ \ \ \
( ( )\___ | '_ | '_| | '_ \/ _` | \ \ \ \
 \\/  ___)| |_)| | | | | || (_| |  ) ) ) )
  '  |____| .__|_| |_|_| |_\__, | / / / /
 =========|_|==============|___/=/_/_/_/
 :: Spring Boot ::        (v2.3.6.RELEASE)

2020-12-14 13:55:55.308  INFO 11428 --- [    Test worker] m.s.e.controller.AccountApiImplTest      : No active profile set, falling back to default profiles: default
2020-12-14 13:55:56.115  INFO 11428 --- [    Test worker] .s.d.r.c.RepositoryConfigurationDelegate : Bootstrapping Spring Data JPA repositories in DEFERRED mode.
2020-12-14 13:55:56.266  INFO 11428 --- [    Test worker] .s.d.r.c.RepositoryConfigurationDelegate : Finished Spring Data repository scanning in 143ms. Found 1 JPA repository interfaces.
2020-12-14 13:55:56.540  INFO 11428 --- [    Test worker] o.s.cloud.context.scope.GenericScope     : BeanFactory id=6fde2b1a-a2e4-3990-9b64-105747cd65b6
2020-12-14 13:55:56.940  INFO 11428 --- [    Test worker] o.s.s.concurrent.ThreadPoolTaskExecutor  : Initializing ExecutorService 'applicationTaskExecutor'
2020-12-14 13:55:57.019  INFO 11428 --- [         task-1] o.hibernate.jpa.internal.util.LogHelper  : HHH000204: Processing PersistenceUnitInfo [name: default]
2020-12-14 13:55:57.103  INFO 11428 --- [         task-1] org.hibernate.Version                    : HHH000412: Hibernate ORM core version 5.4.23.Final
2020-12-14 13:55:57.287  WARN 11428 --- [    Test worker] c.n.c.sources.URLConfigurationSource     : No URLs will be polled as dynamic configuration sources.
2020-12-14 13:55:57.288  INFO 11428 --- [    Test worker] c.n.c.sources.URLConfigurationSource     : To enable URLs as dynamic configuration sources, define System property archaius.configurationSource.additionalUrls or make config.properties available on classpath.
2020-12-14 13:55:57.296  WARN 11428 --- [    Test worker] c.n.c.sources.URLConfigurationSource     : No URLs will be polled as dynamic configuration sources.
2020-12-14 13:55:57.296  INFO 11428 --- [    Test worker] c.n.c.sources.URLConfigurationSource     : To enable URLs as dynamic configuration sources, define System property archaius.configurationSource.additionalUrls or make config.properties available on classpath.
2020-12-14 13:55:57.330  INFO 11428 --- [         task-1] o.hibernate.annotations.common.Version   : HCANN000001: Hibernate Commons Annotations {5.1.2.Final}
2020-12-14 13:55:57.525  INFO 11428 --- [         task-1] com.zaxxer.hikari.HikariDataSource       : HikariPool-1 - Starting...
2020-12-14 13:55:57.788  INFO 11428 --- [         task-1] com.zaxxer.hikari.HikariDataSource       : HikariPool-1 - Start completed.
2020-12-14 13:55:57.852  INFO 11428 --- [         task-1] org.hibernate.dialect.Dialect            : HHH000400: Using dialect: org.hibernate.dialect.H2Dialect
Hibernate: 
    
    drop table if exists account CASCADE 
Hibernate: 
    
    drop sequence if exists hibernate_sequence
Hibernate: create sequence hibernate_sequence start with 1 increment by 1
Hibernate: 
    
    create table account (
       id bigint not null,
        email varchar(255),
        username varchar(255),
        primary key (id)
    )
2020-12-14 13:55:58.984  INFO 11428 --- [         task-1] o.h.e.t.j.p.i.JtaPlatformInitiator       : HHH000490: Using JtaPlatform implementation: [org.hibernate.engine.transaction.jta.platform.internal.NoJtaPlatform]
2020-12-14 13:55:59.000  INFO 11428 --- [         task-1] j.LocalContainerEntityManagerFactoryBean : Initialized JPA EntityManagerFactory for persistence unit 'default'
2020-12-14 13:55:59.260  INFO 11428 --- [    Test worker] o.s.b.t.m.w.SpringBootMockServletContext : Initializing Spring TestDispatcherServlet ''
2020-12-14 13:55:59.261  INFO 11428 --- [    Test worker] o.s.t.web.servlet.TestDispatcherServlet  : Initializing Servlet ''
2020-12-14 13:55:59.280  INFO 11428 --- [    Test worker] o.s.b.a.e.web.EndpointLinksResolver      : Exposing 2 endpoint(s) beneath base path '/actuator'
2020-12-14 13:55:59.332  INFO 11428 --- [    Test worker] o.s.t.web.servlet.TestDispatcherServlet  : Completed initialization in 71 ms
2020-12-14 13:55:59.499  INFO 11428 --- [    Test worker] DiscoveryClientOptionalArgsConfiguration : Eureka HTTP Client uses Jersey
2020-12-14 13:55:59.594  WARN 11428 --- [    Test worker] ockingLoadBalancerClientRibbonWarnLogger : You already have RibbonLoadBalancerClient on your classpath. It will be used by default. As Spring Cloud Ribbon is in maintenance mode. We recommend switching to BlockingLoadBalancerClient instead. In order to use it, set the value of `spring.cloud.loadbalancer.ribbon.enabled` to `false` or remove spring-cloud-starter-netflix-ribbon from your project.
2020-12-14 13:55:59.805  INFO 11428 --- [    Test worker] DeferredRepositoryInitializationListener : Triggering deferred initialization of Spring Data repositories…
2020-12-14 13:56:00.133  INFO 11428 --- [    Test worker] DeferredRepositoryInitializationListener : Spring Data repositories initialized!
2020-12-14 13:56:00.150  INFO 11428 --- [    Test worker] m.s.e.controller.AccountApiImplTest      : Started AccountApiImplTest in 5.781 seconds (JVM running for 6.93)
Hibernate: 
    call next value for hibernate_sequence
Hibernate: 
    insert 
    into
        account
        (email, username, id) 
    values
        (?, ?, ?)
2020-12-14 13:56:00.567 TRACE 11428 --- [    Test worker] o.h.type.descriptor.sql.BasicBinder      : binding parameter [1] as [VARCHAR] - [doli0413@daum.net]
2020-12-14 13:56:00.568 TRACE 11428 --- [    Test worker] o.h.type.descriptor.sql.BasicBinder      : binding parameter [2] as [VARCHAR] - [JungSooMin]
2020-12-14 13:56:00.569 TRACE 11428 --- [    Test worker] o.h.type.descriptor.sql.BasicBinder      : binding parameter [3] as [BIGINT] - [1]

MockHttpServletRequest:
      HTTP Method = POST
      Request URI = /api/client/register
       Parameters = {}
          Headers = [Content-Type:"application/json;charset=UTF-8", Accept:"application/json", Content-Length:"63"]
             Body = {"id":null,"username":"JungSooMin","email":"doli0413@daum.net"}
    Session Attrs = {}

Handler:
             Type = me.soomin.eurekaclient.controller.AccountApiImpl
           Method = me.soomin.eurekaclient.controller.AccountApiImpl#processRegister(Map)

Async:
    Async started = false
     Async result = null

Resolved Exception:
             Type = null

ModelAndView:
        View name = null
             View = null
            Model = null

FlashMap:
       Attributes = null

MockHttpServletResponse:
           Status = 200
    Error message = null
          Headers = [Content-Type:"application/json"]
     Content type = application/json
             Body = {"id":1,"username":"JungSooMin","email":"doli0413@daum.net"}
    Forwarded URL = null
   Redirected URL = null
          Cookies = []
Hibernate: 
    select
        account0_.id as id1_0_0_,
        account0_.email as email2_0_0_,
        account0_.username as username3_0_0_ 
    from
        account account0_ 
    where
        account0_.id=?
2020-12-14 13:56:00.610 TRACE 11428 --- [    Test worker] o.h.type.descriptor.sql.BasicBinder      : binding parameter [1] as [BIGINT] - [1]
2020-12-14 13:56:00.618 TRACE 11428 --- [    Test worker] o.h.type.descriptor.sql.BasicExtractor   : extracted value ([email2_0_0_] : [VARCHAR]) - [doli0413@daum.net]
2020-12-14 13:56:00.618 TRACE 11428 --- [    Test worker] o.h.type.descriptor.sql.BasicExtractor   : extracted value ([username3_0_0_] : [VARCHAR]) - [JungSooMin]

MockHttpServletRequest:
      HTTP Method = GET
      Request URI = /api/client/find/1
       Parameters = {}
          Headers = [Content-Type:"application/json;charset=UTF-8", Accept:"application/json"]
             Body = null
    Session Attrs = {}

Handler:
             Type = me.soomin.eurekaclient.controller.AccountApiImpl
           Method = me.soomin.eurekaclient.controller.AccountApiImpl#processFindById(Long)

Async:
    Async started = false
     Async result = null

Resolved Exception:
             Type = null

ModelAndView:
        View name = null
             View = null
            Model = null

FlashMap:
       Attributes = null

MockHttpServletResponse:
           Status = 200
    Error message = null
          Headers = [Content-Type:"application/json"]
     Content type = application/json
             Body = {"id":1,"username":"JungSooMin","email":"doli0413@daum.net"}
    Forwarded URL = null
   Redirected URL = null
          Cookies = []
]]></system-out>
  <system-err><![CDATA[]]></system-err>
</testsuite>
