<?xml version="1.0" encoding="UTF-8"?>
<testsuite name="me.soomin.eurekaproductserver.controller.ProductApiImplTest" tests="1" skipped="0" failures="0" errors="0" timestamp="2020-12-14T05:15:56" hostname="DESKTOP-ON3LTBO" time="0.471">
  <properties/>
  <testcase name="test()" classname="me.soomin.eurekaproductserver.controller.ProductApiImplTest" time="0.471"/>
  <system-out><![CDATA[14:15:51.177 [Test worker] DEBUG org.springframework.test.context.BootstrapUtils - Instantiating CacheAwareContextLoaderDelegate from class [org.springframework.test.context.cache.DefaultCacheAwareContextLoaderDelegate]
14:15:51.188 [Test worker] DEBUG org.springframework.test.context.BootstrapUtils - Instantiating BootstrapContext using constructor [public org.springframework.test.context.support.DefaultBootstrapContext(java.lang.Class,org.springframework.test.context.CacheAwareContextLoaderDelegate)]
14:15:51.222 [Test worker] DEBUG org.springframework.test.context.BootstrapUtils - Instantiating TestContextBootstrapper for test class [me.soomin.eurekaproductserver.controller.ProductApiImplTest] from class [org.springframework.boot.test.context.SpringBootTestContextBootstrapper]
14:15:51.238 [Test worker] INFO org.springframework.boot.test.context.SpringBootTestContextBootstrapper - Neither @ContextConfiguration nor @ContextHierarchy found for test class [me.soomin.eurekaproductserver.controller.ProductApiImplTest], using SpringBootContextLoader
14:15:51.243 [Test worker] DEBUG org.springframework.test.context.support.AbstractContextLoader - Did not detect default resource location for test class [me.soomin.eurekaproductserver.controller.ProductApiImplTest]: class path resource [me/soomin/eurekaproductserver/controller/ProductApiImplTest-context.xml] does not exist
14:15:51.243 [Test worker] DEBUG org.springframework.test.context.support.AbstractContextLoader - Did not detect default resource location for test class [me.soomin.eurekaproductserver.controller.ProductApiImplTest]: class path resource [me/soomin/eurekaproductserver/controller/ProductApiImplTestContext.groovy] does not exist
14:15:51.244 [Test worker] INFO org.springframework.test.context.support.AbstractContextLoader - Could not detect default resource locations for test class [me.soomin.eurekaproductserver.controller.ProductApiImplTest]: no resource found for suffixes {-context.xml, Context.groovy}.
14:15:51.244 [Test worker] INFO org.springframework.test.context.support.AnnotationConfigContextLoaderUtils - Could not detect default configuration classes for test class [me.soomin.eurekaproductserver.controller.ProductApiImplTest]: ProductApiImplTest does not declare any static, non-private, non-final, nested classes annotated with @Configuration.
14:15:51.291 [Test worker] DEBUG org.springframework.test.context.support.ActiveProfilesUtils - Could not find an 'annotation declaring class' for annotation type [org.springframework.test.context.ActiveProfiles] and class [me.soomin.eurekaproductserver.controller.ProductApiImplTest]
14:15:51.373 [Test worker] DEBUG org.springframework.context.annotation.ClassPathScanningCandidateComponentProvider - Identified candidate component class: file [C:\Users\byulsoft\Documents\GitHub\spring-cloud-slueth\eureka-product-server\build\classes\java\main\me\soomin\eurekaproductserver\EurekaProductServerApplication.class]
14:15:51.375 [Test worker] INFO org.springframework.boot.test.context.SpringBootTestContextBootstrapper - Found @SpringBootConfiguration me.soomin.eurekaproductserver.EurekaProductServerApplication for test class me.soomin.eurekaproductserver.controller.ProductApiImplTest
14:15:51.514 [Test worker] DEBUG org.springframework.boot.test.context.SpringBootTestContextBootstrapper - @TestExecutionListeners is not present for class [me.soomin.eurekaproductserver.controller.ProductApiImplTest]: using defaults.
14:15:51.515 [Test worker] INFO org.springframework.boot.test.context.SpringBootTestContextBootstrapper - Loaded default TestExecutionListener class names from location [META-INF/spring.factories]: [org.springframework.boot.test.autoconfigure.restdocs.RestDocsTestExecutionListener, org.springframework.boot.test.autoconfigure.web.client.MockRestServiceServerResetTestExecutionListener, org.springframework.boot.test.autoconfigure.web.servlet.MockMvcPrintOnlyOnFailureTestExecutionListener, org.springframework.boot.test.autoconfigure.web.servlet.WebDriverTestExecutionListener, org.springframework.boot.test.autoconfigure.webservices.client.MockWebServiceServerTestExecutionListener, org.springframework.boot.test.mock.mockito.MockitoTestExecutionListener, org.springframework.boot.test.mock.mockito.ResetMocksTestExecutionListener, org.springframework.test.context.web.ServletTestExecutionListener, org.springframework.test.context.support.DirtiesContextBeforeModesTestExecutionListener, org.springframework.test.context.support.DependencyInjectionTestExecutionListener, org.springframework.test.context.support.DirtiesContextTestExecutionListener, org.springframework.test.context.transaction.TransactionalTestExecutionListener, org.springframework.test.context.jdbc.SqlScriptsTestExecutionListener, org.springframework.test.context.event.EventPublishingTestExecutionListener]
14:15:51.531 [Test worker] INFO org.springframework.boot.test.context.SpringBootTestContextBootstrapper - Using TestExecutionListeners: [org.springframework.test.context.web.ServletTestExecutionListener@2312178f, org.springframework.test.context.support.DirtiesContextBeforeModesTestExecutionListener@1e5c9315, org.springframework.boot.test.mock.mockito.MockitoTestExecutionListener@eb301ca, org.springframework.boot.test.autoconfigure.SpringBootDependencyInjectionTestExecutionListener@37b3c3b4, org.springframework.test.context.support.DirtiesContextTestExecutionListener@4ae04a2, org.springframework.test.context.transaction.TransactionalTestExecutionListener@7e10eb19, org.springframework.test.context.jdbc.SqlScriptsTestExecutionListener@683b1840, org.springframework.test.context.event.EventPublishingTestExecutionListener@413cd890, org.springframework.boot.test.autoconfigure.restdocs.RestDocsTestExecutionListener@35435f01, org.springframework.boot.test.autoconfigure.web.client.MockRestServiceServerResetTestExecutionListener@4c723293, org.springframework.boot.test.autoconfigure.web.servlet.MockMvcPrintOnlyOnFailureTestExecutionListener@7c3bda45, org.springframework.boot.test.autoconfigure.web.servlet.WebDriverTestExecutionListener@5be4650a, org.springframework.boot.test.autoconfigure.webservices.client.MockWebServiceServerTestExecutionListener@74709220, org.springframework.boot.test.mock.mockito.ResetMocksTestExecutionListener@294bc097]
14:15:51.536 [Test worker] DEBUG org.springframework.test.context.support.AbstractDirtiesContextTestExecutionListener - Before test class: context [DefaultTestContext@7a8bfb92 testClass = ProductApiImplTest, testInstance = [null], testMethod = [null], testException = [null], mergedContextConfiguration = [WebMergedContextConfiguration@4bcb0bd5 testClass = ProductApiImplTest, locations = '{}', classes = '{class me.soomin.eurekaproductserver.EurekaProductServerApplication}', contextInitializerClasses = '[]', activeProfiles = '{}', propertySourceLocations = '{}', propertySourceProperties = '{eureka.client.enabled=false, org.springframework.boot.test.context.SpringBootTestContextBootstrapper=true}', contextCustomizers = set[org.springframework.boot.test.autoconfigure.properties.PropertyMappingContextCustomizer@4b3fa0b3, org.springframework.boot.test.autoconfigure.web.servlet.WebDriverContextCustomizerFactory$Customizer@3b187fd2, [ImportsContextCustomizer@a76050c key = [org.springframework.boot.test.autoconfigure.web.servlet.MockMvcAutoConfiguration, org.springframework.boot.test.autoconfigure.web.servlet.MockMvcWebClientAutoConfiguration, org.springframework.boot.test.autoconfigure.web.servlet.MockMvcWebDriverAutoConfiguration, org.springframework.boot.autoconfigure.security.oauth2.client.servlet.OAuth2ClientAutoConfiguration, org.springframework.boot.autoconfigure.security.oauth2.resource.servlet.OAuth2ResourceServerAutoConfiguration, org.springframework.boot.autoconfigure.security.servlet.SecurityAutoConfiguration, org.springframework.boot.autoconfigure.security.servlet.SecurityFilterAutoConfiguration, org.springframework.boot.autoconfigure.security.servlet.UserDetailsServiceAutoConfiguration, org.springframework.boot.test.autoconfigure.web.servlet.MockMvcSecurityConfiguration]], org.springframework.boot.test.context.filter.ExcludeFilterContextCustomizer@656561e7, org.springframework.boot.test.json.DuplicateJsonObjectContextCustomizerFactory$DuplicateJsonObjectContextCustomizer@5458ec67, org.springframework.boot.test.mock.mockito.MockitoContextCustomizer@0, org.springframework.boot.test.web.client.TestRestTemplateContextCustomizer@7cb26a38, org.springframework.boot.test.context.SpringBootTestArgs@1, org.springframework.boot.test.context.SpringBootTestWebEnvironment@3be11017], resourceBasePath = 'src/main/webapp', contextLoader = 'org.springframework.boot.test.context.SpringBootContextLoader', parent = [null]], attributes = map['org.springframework.test.context.web.ServletTestExecutionListener.activateListener' -> true]], class annotated with @DirtiesContext [false] with mode [null].
14:15:51.561 [Test worker] DEBUG org.springframework.test.context.support.TestPropertySourceUtils - Adding inlined properties to environment: {spring.jmx.enabled=false, eureka.client.enabled=false, org.springframework.boot.test.context.SpringBootTestContextBootstrapper=true}

  .   ____          _            __ _ _
 /\\ / ___'_ __ _ _(_)_ __  __ _ \ \ \ \
( ( )\___ | '_ | '_| | '_ \/ _` | \ \ \ \
 \\/  ___)| |_)| | | | | || (_| |  ) ) ) )
  '  |____| .__|_| |_|_| |_\__, | / / / /
 =========|_|==============|___/=/_/_/_/
 :: Spring Boot ::        (v2.3.6.RELEASE)

2020-12-14 14:15:52.531  INFO 6980 --- [    Test worker] m.s.e.controller.ProductApiImplTest      : No active profile set, falling back to default profiles: default
2020-12-14 14:15:53.097  INFO 6980 --- [    Test worker] .s.d.r.c.RepositoryConfigurationDelegate : Bootstrapping Spring Data JPA repositories in DEFERRED mode.
2020-12-14 14:15:53.280  INFO 6980 --- [    Test worker] .s.d.r.c.RepositoryConfigurationDelegate : Finished Spring Data repository scanning in 172ms. Found 1 JPA repository interfaces.
2020-12-14 14:15:53.529  INFO 6980 --- [    Test worker] o.s.cloud.context.scope.GenericScope     : BeanFactory id=8d897fce-5a82-3d80-94b8-573c89ce7e5f
2020-12-14 14:15:53.880  INFO 6980 --- [    Test worker] o.s.s.concurrent.ThreadPoolTaskExecutor  : Initializing ExecutorService 'applicationTaskExecutor'
2020-12-14 14:15:53.950  INFO 6980 --- [         task-1] o.hibernate.jpa.internal.util.LogHelper  : HHH000204: Processing PersistenceUnitInfo [name: default]
2020-12-14 14:15:54.039  INFO 6980 --- [         task-1] org.hibernate.Version                    : HHH000412: Hibernate ORM core version 5.4.23.Final
2020-12-14 14:15:54.207  WARN 6980 --- [    Test worker] c.n.c.sources.URLConfigurationSource     : No URLs will be polled as dynamic configuration sources.
2020-12-14 14:15:54.207  INFO 6980 --- [    Test worker] c.n.c.sources.URLConfigurationSource     : To enable URLs as dynamic configuration sources, define System property archaius.configurationSource.additionalUrls or make config.properties available on classpath.
2020-12-14 14:15:54.217  WARN 6980 --- [    Test worker] c.n.c.sources.URLConfigurationSource     : No URLs will be polled as dynamic configuration sources.
2020-12-14 14:15:54.217  INFO 6980 --- [    Test worker] c.n.c.sources.URLConfigurationSource     : To enable URLs as dynamic configuration sources, define System property archaius.configurationSource.additionalUrls or make config.properties available on classpath.
2020-12-14 14:15:54.278  INFO 6980 --- [         task-1] o.hibernate.annotations.common.Version   : HCANN000001: Hibernate Commons Annotations {5.1.2.Final}
2020-12-14 14:15:54.498  INFO 6980 --- [         task-1] com.zaxxer.hikari.HikariDataSource       : HikariPool-1 - Starting...
2020-12-14 14:15:54.781  INFO 6980 --- [         task-1] com.zaxxer.hikari.HikariDataSource       : HikariPool-1 - Start completed.
2020-12-14 14:15:54.839  INFO 6980 --- [         task-1] org.hibernate.dialect.Dialect            : HHH000400: Using dialect: org.hibernate.dialect.H2Dialect
2020-12-14 14:15:55.466  INFO 6980 --- [    Test worker] o.s.b.t.m.w.SpringBootMockServletContext : Initializing Spring TestDispatcherServlet ''
2020-12-14 14:15:55.466  INFO 6980 --- [    Test worker] o.s.t.web.servlet.TestDispatcherServlet  : Initializing Servlet ''
2020-12-14 14:15:55.488  INFO 6980 --- [    Test worker] o.s.t.web.servlet.TestDispatcherServlet  : Completed initialization in 22 ms
2020-12-14 14:15:55.670  INFO 6980 --- [    Test worker] DiscoveryClientOptionalArgsConfiguration : Eureka HTTP Client uses Jersey
2020-12-14 14:15:55.777  WARN 6980 --- [    Test worker] ockingLoadBalancerClientRibbonWarnLogger : You already have RibbonLoadBalancerClient on your classpath. It will be used by default. As Spring Cloud Ribbon is in maintenance mode. We recommend switching to BlockingLoadBalancerClient instead. In order to use it, set the value of `spring.cloud.loadbalancer.ribbon.enabled` to `false` or remove spring-cloud-starter-netflix-ribbon from your project.
2020-12-14 14:15:55.920  INFO 6980 --- [    Test worker] DeferredRepositoryInitializationListener : Triggering deferred initialization of Spring Data repositories…
Hibernate: 
    
    drop table if exists product CASCADE 
Hibernate: 
    
    drop sequence if exists hibernate_sequence
Hibernate: create sequence hibernate_sequence start with 1 increment by 1
Hibernate: 
    
    create table product (
       id bigint not null,
        account_id bigint not null unique,
        product_detail varchar(255),
        product_name varchar(255),
        primary key (id)
    )
2020-12-14 14:15:55.988  INFO 6980 --- [         task-1] o.h.e.t.j.p.i.JtaPlatformInitiator       : HHH000490: Using JtaPlatform implementation: [org.hibernate.engine.transaction.jta.platform.internal.NoJtaPlatform]
2020-12-14 14:15:56.005  INFO 6980 --- [         task-1] j.LocalContainerEntityManagerFactoryBean : Initialized JPA EntityManagerFactory for persistence unit 'default'
2020-12-14 14:15:56.255  INFO 6980 --- [    Test worker] DeferredRepositoryInitializationListener : Spring Data repositories initialized!
2020-12-14 14:15:56.264  INFO 6980 --- [    Test worker] m.s.e.controller.ProductApiImplTest      : Started ProductApiImplTest in 4.694 seconds (JVM running for 5.851)
Hibernate: 
    call next value for hibernate_sequence
Hibernate: 
    insert 
    into
        product
        (account_id, product_detail, product_name, id) 
    values
        (?, ?, ?, ?)

MockHttpServletRequest:
      HTTP Method = POST
      Request URI = /api/product/register
       Parameters = {}
          Headers = [Content-Type:"application/json;charset=UTF-8", Accept:"application/json", Content-Length:"82"]
             Body = {"id":null,"productName":"New Pencil","productDetail":"Black Color","accountId":1}
    Session Attrs = {}

Handler:
             Type = me.soomin.eurekaproductserver.controller.ProductApiImpl
           Method = me.soomin.eurekaproductserver.controller.ProductApiImpl#processRegister(Map)

Async:
    Async started = false
     Async result = null

Resolved Exception:
             Type = null

ModelAndView:
        View name = null
             View = null
            Model = null

FlashMap:
       Attributes = null

MockHttpServletResponse:
           Status = 200
    Error message = null
          Headers = [Content-Type:"application/json"]
     Content type = application/json
             Body = {"id":1,"productName":"New Pencil","productDetail":"Black Color","accountId":1}
    Forwarded URL = null
   Redirected URL = null
          Cookies = []
=========================================================================================
Hibernate: 
    select
        product0_.id as id1_0_0_,
        product0_.account_id as account_2_0_0_,
        product0_.product_detail as product_3_0_0_,
        product0_.product_name as product_4_0_0_ 
    from
        product product0_ 
    where
        product0_.id=?

MockHttpServletRequest:
      HTTP Method = GET
      Request URI = /api/product/find/1
       Parameters = {}
          Headers = [Content-Type:"application/json;charset=UTF-8", Accept:"application/json"]
             Body = null
    Session Attrs = {}

Handler:
             Type = me.soomin.eurekaproductserver.controller.ProductApiImpl
           Method = me.soomin.eurekaproductserver.controller.ProductApiImpl#findProductById(Long)

Async:
    Async started = false
     Async result = null

Resolved Exception:
             Type = null

ModelAndView:
        View name = null
             View = null
            Model = null

FlashMap:
       Attributes = null

MockHttpServletResponse:
           Status = 200
    Error message = null
          Headers = [Content-Type:"application/json"]
     Content type = application/json
             Body = {"id":1,"productName":"New Pencil","productDetail":"Black Color","accountId":1}
    Forwarded URL = null
   Redirected URL = null
          Cookies = []
]]></system-out>
  <system-err><![CDATA[]]></system-err>
</testsuite>
